Build started 7/27/2014 5:27:51 PM.
     1>Project "C:\Users\Sheedy\Desktop\FOLDERZ\Documents\Utech\YEAR 2\SEMESTER 4\Notes\Data Structures\C++ Practise\Audio Fixer\Audio Fixer\Audio Fixer.vcxproj" on node 2 (build target(s)).
     1>InitializeBuildStatus:
         Creating "Release\Audio Fixer.unsuccessfulbuild" because "AlwaysCreate" was specified.
       ClCompile:
         c:\Program Files (x86)\Microsoft Visual Studio 10.0\VC\bin\CL.exe /c /Zi /nologo /W3 /WX- /O2 /Oi /Oy- /GL /D _MBCS /Gm- /EHsc /MD /GS /Gy /fp:precise /Zc:wchar_t /Zc:forScope /Fo"Release\\" /Fd"Release\vc100.pdb" /Gd /TP /analyze- /errorReport:prompt driver.cpp
         driver.cpp
       Link:
         c:\Program Files (x86)\Microsoft Visual Studio 10.0\VC\bin\link.exe /ERRORREPORT:PROMPT /OUT:"C:\Users\Sheedy\Desktop\FOLDERZ\Documents\Utech\YEAR 2\SEMESTER 4\Notes\Data Structures\C++ Practise\Audio Fixer\Release\Audio Fixer.exe" /NOLOGO kernel32.lib user32.lib gdi32.lib winspool.lib comdlg32.lib advapi32.lib shell32.lib ole32.lib oleaut32.lib uuid.lib odbc32.lib odbccp32.lib /MANIFEST /ManifestFile:"Release\Audio Fixer.exe.intermediate.manifest" /MANIFESTUAC:"level='asInvoker' uiAccess='false'" /DEBUG /PDB:"C:\Users\Sheedy\Desktop\FOLDERZ\Documents\Utech\YEAR 2\SEMESTER 4\Notes\Data Structures\C++ Practise\Audio Fixer\Release\Audio Fixer.pdb" /OPT:REF /OPT:ICF /LTCG /TLBID:1 /DYNAMICBASE /NXCOMPAT /IMPLIB:"C:\Users\Sheedy\Desktop\FOLDERZ\Documents\Utech\YEAR 2\SEMESTER 4\Notes\Data Structures\C++ Practise\Audio Fixer\Release\Audio Fixer.lib" /MACHINE:X86 Release\driver.obj
         Generating code
         Finished generating code
         Audio Fixer.vcxproj -> C:\Users\Sheedy\Desktop\FOLDERZ\Documents\Utech\YEAR 2\SEMESTER 4\Notes\Data Structures\C++ Practise\Audio Fixer\Release\Audio Fixer.exe
       Manifest:
         C:\Program Files (x86)\Microsoft SDKs\Windows\v7.0A\bin\mt.exe /nologo /verbose /outputresource:"C:\Users\Sheedy\Desktop\FOLDERZ\Documents\Utech\YEAR 2\SEMESTER 4\Notes\Data Structures\C++ Practise\Audio Fixer\Release\Audio Fixer.exe;#1" /manifest "Release\Audio Fixer.exe.intermediate.manifest"
       FinalizeBuildStatus:
         Deleting file "Release\Audio Fixer.unsuccessfulbuild".
         Touching "Release\Audio Fixer.lastbuildstate".
     1>Done Building Project "C:\Users\Sheedy\Desktop\FOLDERZ\Documents\Utech\YEAR 2\SEMESTER 4\Notes\Data Structures\C++ Practise\Audio Fixer\Audio Fixer\Audio Fixer.vcxproj" (build target(s)).

Build succeeded.

Time Elapsed 00:00:02.78
